<?xml version="1.0" encoding="UTF-8"?>
<testsuite xmlns:xsi="http://www.w3.org/2001/XMLSchema-instance" xsi:noNamespaceSchemaLocation="https://maven.apache.org/surefire/maven-surefire-plugin/xsd/surefire-test-report.xsd" name="com.ontariotechu.sofe3980U.HelloAPIControllerTest" time="2.229" tests="6" errors="0" skipped="0" failures="0">
  <properties>
[...]
</properties>
  <testcase name="helloAPINoParameter" classname="com.ontariotechu.sofe3980U.HelloAPIControllerTest" time="0.276"/>
  <testcase name="helloAPIWithName" classname="com.ontariotechu.sofe3980U.HelloAPIControllerTest" time="0.01"/>
  <testcase name="EmailAPINoParameters" classname="com.ontariotechu.sofe3980U.HelloAPIControllerTest" time="0.062"/>
  <testcase name="EmailAPIWithFirstName" classname="com.ontariotechu.sofe3980U.HelloAPIControllerTest" time="0"/>
  <testcase name="EmailAPIWithFullName" classname="com.ontariotechu.sofe3980U.HelloAPIControllerTest" time="0"/>
  <testcase name="EmailAPIWithLastName" classname="com.ontariotechu.sofe3980U.HelloAPIControllerTest" time="0"/>
</testsuite>